C51 COMPILER V9.54   TIM2                                                                  12/15/2024 18:13:39 PAGE 1   


C51 COMPILER V9.54, COMPILATION OF MODULE TIM2
OBJECT MODULE PLACED IN .\output\tim2.obj
COMPILER INVOKED BY: C:\Keil_v5\C51\BIN\C51.EXE Hardware\tim2.c OPTIMIZE(8,SPEED) BROWSE INCDIR(.\AD_IIC;.\user;.\lcd128
                    -64;.\Segment;.\output;.\uart;.\Hardware) DEBUG OBJECTEXTEND PRINT(.\tim2.lst) TABS(2) OBJECT(.\output\tim2.obj)

line level    source

   1          #include <reg52.h>
   2          
   3          void Init_timer2(void)
   4          {
   5   1       RCAP2H=(65536-10000)/256;//赋T2初始值0x0bdc，溢出时间为50ms 现在才是10ms
   6   1       RCAP2L=(65536-10000)%256;
   7   1       TR2=1;      //启动定时器2
   8   1       ET2=1;    //打开定时器2中断
   9   1       EA=1;     //打开总中断
  10   1      }


MODULE INFORMATION:   STATIC OVERLAYABLE
   CODE SIZE        =     13    ----
   CONSTANT SIZE    =   ----    ----
   XDATA SIZE       =   ----    ----
   PDATA SIZE       =   ----    ----
   DATA SIZE        =   ----    ----
   IDATA SIZE       =   ----    ----
   BIT SIZE         =   ----    ----
END OF MODULE INFORMATION.


C51 COMPILATION COMPLETE.  0 WARNING(S),  0 ERROR(S)
