C51 COMPILER V9.54   UART                                                                  12/15/2024 18:13:38 PAGE 1   


C51 COMPILER V9.54, COMPILATION OF MODULE UART
OBJECT MODULE PLACED IN .\output\UART.obj
COMPILER INVOKED BY: C:\Keil_v5\C51\BIN\C51.EXE uart\UART.c OPTIMIZE(8,SPEED) BROWSE INCDIR(.\AD_IIC;.\user;.\lcd12864;.
                    -\Segment;.\output;.\uart;.\Hardware) DEBUG OBJECTEXTEND PRINT(.\UART.lst) TABS(2) OBJECT(.\output\UART.obj)

line level    source

   1          #include <reg52.h>
   2          #include "UART.h"
   3          typedef unsigned char u8;
   4          u8 buffer[BUFFER_SIZE];
   5          u8 bufferIndex = 0;
   6          bit frameReceived = 0;  // 标记完整帧是否接收
   7          
   8          /**
   9           * 串口初始化函数
  10           */
  11          void UsartInit()
  12          {
  13   1          SCON = 0x50;     // 设置为工作方式1
  14   1          TMOD = 0x20;     // 设置计数器工作方式2
  15   1          PCON = 0x80;     // 波特率加倍
  16   1          TH1 = 0xF3;      // 设置计数器初始值 (4800波特率)
  17   1          TL1 = 0xF3;
  18   1          ES = 1;          // 打开接收中断
  19   1          EA = 1;          // 打开总中断
  20   1          TR1 = 1;         // 打开计数器
  21   1      }
  22          
  23          /**
  24           * 串口中断服务函数
  25           */
  26          void Usart() interrupt 4
  27          {
  28   1          static bit receiving = 0;  // 是否正在接收帧
  29   1          u8 receiveData;
  30   1      
  31   1          if (RI)
  32   1          {
  33   2              RI = 0;  // 清除接收中断标志位
  34   2              receiveData = SBUF;
  35   2      
  36   2              if (!receiving)
  37   2              {
  38   3                  // 检测帧头
  39   3                  if (receiveData == FRAME_HEAD1 && bufferIndex == 0)
  40   3                  {
  41   4                      buffer[bufferIndex++] = receiveData;
  42   4                  }
  43   3                  else if (receiveData == FRAME_HEAD2 && bufferIndex == 1)
  44   3                  {
  45   4                      buffer[bufferIndex++] = receiveData;
  46   4                      receiving = 1;  // 开始接收帧数据
  47   4                  }
  48   3                  else
  49   3                  {
  50   4                      bufferIndex = 0;  // 帧头不匹配，重新开始接收
  51   4                  }
  52   3              }
  53   2              else
  54   2              {
C51 COMPILER V9.54   UART                                                                  12/15/2024 18:13:38 PAGE 2   

  55   3                  // 接收数据
  56   3                  if (receiveData == FRAME_TAIL)
  57   3                  {
  58   4                      // 接收到帧尾，标记帧接收完成
  59   4                      buffer[bufferIndex++] = receiveData;
  60   4                      frameReceived = 1;
  61   4                      receiving = 0;
  62   4                  }
  63   3                  else
  64   3                  {
  65   4                      // 存储数据到缓冲区
  66   4                      if (bufferIndex < BUFFER_SIZE - 1)
  67   4                      {
  68   5                          buffer[bufferIndex++] = receiveData;
  69   5                      }
  70   4                      else
  71   4                      {
  72   5                          // 缓冲区溢出，丢弃帧
  73   5                          bufferIndex = 0;
  74   5                          receiving = 0;
  75   5                      }
  76   4                  }
  77   3              }
  78   2          }
  79   1      }
  80          
  81          /**
  82           * 发送帧数据
  83           * 参数：data[] - 数据数组, len - 数据长度
  84           */
  85          void sendFrame(u8 *data__1, u8 len)
  86          {
  87   1          u8 i;
  88   1          // 发送帧头
  89   1          SBUF = FRAME_HEAD1;
  90   1          while (!TI);
  91   1          TI = 0;
  92   1      
  93   1          SBUF = FRAME_HEAD2;
  94   1          while (!TI);
  95   1          TI = 0;
  96   1      
  97   1          // 发送数据部分
  98   1          for (i = 0; i < len; i++)
  99   1          {
 100   2              SBUF = data__1[i];
 101   2              while (!TI);
 102   2              TI = 0;
 103   2          }
 104   1      
 105   1          // 发送帧尾
 106   1          SBUF = FRAME_TAIL;
 107   1          while (!TI);
 108   1          TI = 0;
 109   1      }
 110          
 111          /**
 112           * 主函数
 113          // */
 114          //void main()
 115          //{
 116          //    u8 testData[] = {0x01, 0x02};  // 测试数据
C51 COMPILER V9.54   UART                                                                  12/15/2024 18:13:38 PAGE 3   

 117          
 118          //    UsartInit();  // 初始化串口
 119          
 120          //    while (1)
 121          //    {
 122          //      
 123          ////        sendFrame(testData,2);
 124          //        if (frameReceived)
 125          //        {
 126          //            frameReceived = 0;  // 清除接收标记
 127          
 128          //            // 处理接收到的数据，数据存储在 buffer[2] ~ buffer[bufferIndex-2]
 129          //            if (bufferIndex > 3)  // 确保帧数据至少包含帧头、帧尾和一个数据字节
 130          //            {
 131          //              
 132          //              
 133          //              
 134          //                sendFrame(&buffer[2], bufferIndex - 3);
 135          //            }
 136          
 137          //            // 重置缓冲区索引
 138          //            bufferIndex = 0;
 139          //        }
 140          //    }
 141          //}
 142          
 143          
 144          
 145          //        u8 dataLength = bufferIndex - 3; // 数据部分长度
 146          //        u8 i;
 147          
 148          //        // 处理数据部分
 149          //        for (i = 0; i < dataLength; i++)
 150          //        {
 151          //            u8 dataByte = buffer[2 + i];  // 数据部分在 buffer[2] ~ buffer[bufferIndex - 2]
 152          //            // 在这里可以根据需求处理数据
 153          //            P1 = dataByte;  // 例如将数据输出到 P1
 154          //        }


MODULE INFORMATION:   STATIC OVERLAYABLE
   CODE SIZE        =    196    ----
   CONSTANT SIZE    =   ----    ----
   XDATA SIZE       =   ----    ----
   PDATA SIZE       =   ----    ----
   DATA SIZE        =     33       3
   IDATA SIZE       =   ----    ----
   BIT SIZE         =      2    ----
END OF MODULE INFORMATION.


C51 COMPILATION COMPLETE.  0 WARNING(S),  0 ERROR(S)
