C51 COMPILER V9.54   BEEP                                                                  12/09/2024 17:21:32 PAGE 1   


C51 COMPILER V9.54, COMPILATION OF MODULE BEEP
OBJECT MODULE PLACED IN beep.OBJ
COMPILER INVOKED BY: C:\Keil_v5\C51\BIN\C51.EXE beep.c OPTIMIZE(8,SPEED) BROWSE INCDIR(..\程序) DEBUG OBJECTEXTEND TABS(
                    -2)

line level    source

   1          #include "stdio.h"
   2          #include <reg52.h>
   3          sbit beep=P1^5;
   4          
   5          void Delay(unsigned int xms);
   6          void beep_3(int limit) {
   7   1           int ad = 49;
   8   1             while(ad>0)
   9   1            {
  10   2              if (limit<0)limit  = -limit;
  11   2              if (limit > 50) 
  12   2              {
  13   3                  beep = 1; 
  14   3                  Delay(6); 
  15   3                  beep = 0; 
  16   3                  Delay(6);
  17   3              }
  18   2              ad--;
  19   2              // 这里可能需要一个退出条件
  20   2            }
  21   1      }
  22          
  23          void Delay(unsigned int xms)
  24          {
  25   1        unsigned char i, j;
  26   1        while(xms--)
  27   1        {
  28   2          i = 2;
  29   2          j = 239;
  30   2          do
  31   2          {
  32   3            while (--j);
  33   3          } while (--i);
  34   2        }
  35   1      }


MODULE INFORMATION:   STATIC OVERLAYABLE
   CODE SIZE        =    104    ----
   CONSTANT SIZE    =   ----    ----
   XDATA SIZE       =   ----    ----
   PDATA SIZE       =   ----    ----
   DATA SIZE        =   ----       4
   IDATA SIZE       =   ----    ----
   BIT SIZE         =   ----    ----
END OF MODULE INFORMATION.


C51 COMPILATION COMPLETE.  0 WARNING(S),  0 ERROR(S)
